<?xml version="1.0" encoding="UTF-8"?>
<!-- Generated by org.testng.reporters.JUnitXMLReporter -->
<testsuite hostname="AUY-LT-103" ignored="0" name="Default test" tests="6" failures="0" timestamp="05 Sep 2018 11:17:53 GMT" time="553.111" errors="0">
  <testcase name="test_Create_Chatter_Post" time="81.364" classname="test.TestEditCommentOnQuestion"/>
  <testcase name="test_Create_Chatter_Post" time="75.99" classname="test.TestDeleteCommentOnQuestion"/>
  <testcase name="test_Create_Chatter_Post" time="81.618" classname="test.TestDeleteCommentOnPoll"/>
  <testcase name="test_Create_Chatter_Post" time="74.838" classname="test.TestDeleteCommentOnPost"/>
  <testcase name="test_Create_Chatter_Post" time="98.575" classname="test.TestEditCommentOnPoll"/>
  <testcase name="test_Create_Chatter_Post" time="86.001" classname="test.TestEditCommentOnPost"/>
</testsuite> <!-- Default test -->
