<?xml version="1.0" encoding="UTF-8"?>
<!-- Generated by org.testng.reporters.JUnitXMLReporter -->
<testsuite hostname="AUY-LT-103" ignored="0" name="Test" tests="17" failures="17" timestamp="04 Sep 2018 18:16:49 GMT" time="1439.475" errors="0">
  <testcase name="test_Create_Chatter_Post" time="66.219" classname="test.TestCreatePoll">
    <failure type="java.lang.AssertionError" message="expected [true] but found [false]">
      <![CDATA[java.lang.AssertionError: expected [true] but found [false]
at test.TestCreatePoll.test_Create_Chatter_Post(TestCreatePoll.java:52)
... Removed 29 stack frames]]>
    </failure>
  </testcase> <!-- test_Create_Chatter_Post -->
  <testcase name="test_Create_Chatter_Post" time="62.086" classname="test.TestCreatePost">
    <failure type="java.lang.AssertionError" message="expected [true] but found [false]">
      <![CDATA[java.lang.AssertionError: expected [true] but found [false]
at test.TestCreatePost.test_Create_Chatter_Post(TestCreatePost.java:52)
... Removed 29 stack frames]]>
    </failure>
  </testcase> <!-- test_Create_Chatter_Post -->
  <testcase name="test_Create_Chatter_Post" time="54.427" classname="test.TestCreateQuestion">
    <failure type="java.lang.AssertionError" message="expected [true] but found [false]">
      <![CDATA[java.lang.AssertionError: expected [true] but found [false]
at test.TestCreateQuestion.test_Create_Chatter_Post(TestCreateQuestion.java:50)
... Removed 29 stack frames]]>
    </failure>
  </testcase> <!-- test_Create_Chatter_Post -->
  <testcase name="test_Create_Chatter_Post" time="84.522" classname="test.TestDeletePoll">
    <failure type="java.lang.AssertionError" message="expected [true] but found [false]">
      <![CDATA[java.lang.AssertionError: expected [true] but found [false]
at test.TestDeletePoll.test_Create_Chatter_Post(TestDeletePoll.java:57)
... Removed 29 stack frames]]>
    </failure>
  </testcase> <!-- test_Create_Chatter_Post -->
  <testcase name="test_Create_Chatter_Post" time="67.548" classname="test.TestDeletePost">
    <failure type="java.lang.AssertionError" message="expected [true] but found [false]">
      <![CDATA[java.lang.AssertionError: expected [true] but found [false]
at test.TestDeletePost.test_Create_Chatter_Post(TestDeletePost.java:55)
... Removed 29 stack frames]]>
    </failure>
  </testcase> <!-- test_Create_Chatter_Post -->
  <testcase name="test_Create_Chatter_Post" time="69.911" classname="test.TestDeleteQuestion">
    <failure type="java.lang.AssertionError" message="expected [true] but found [false]">
      <![CDATA[java.lang.AssertionError: expected [true] but found [false]
at test.TestDeleteQuestion.test_Create_Chatter_Post(TestDeleteQuestion.java:56)
... Removed 29 stack frames]]>
    </failure>
  </testcase> <!-- test_Create_Chatter_Post -->
  <testcase name="test_Create_Chatter_Post" time="82.447" classname="test.TestEditPost">
    <failure type="java.lang.AssertionError" message="expected [true] but found [false]">
      <![CDATA[java.lang.AssertionError: expected [true] but found [false]
at test.TestEditPost.test_Create_Chatter_Post(TestEditPost.java:56)
... Removed 29 stack frames]]>
    </failure>
  </testcase> <!-- test_Create_Chatter_Post -->
  <testcase name="test_Create_Chatter_Post" time="85.254" classname="test.TestEditQuestion">
    <failure type="java.lang.AssertionError" message="expected [true] but found [false]">
      <![CDATA[java.lang.AssertionError: expected [true] but found [false]
at test.TestEditQuestion.test_Create_Chatter_Post(TestEditQuestion.java:58)
... Removed 29 stack frames]]>
    </failure>
  </testcase> <!-- test_Create_Chatter_Post -->
  <testcase name="test_Create_Chatter_Post" time="77.152" classname="test.TestCreateCommentOnPoll">
    <failure type="java.lang.AssertionError" message="expected [true] but found [false]">
      <![CDATA[java.lang.AssertionError: expected [true] but found [false]
at test.TestCreateCommentOnPoll.test_Create_Chatter_Post(TestCreateCommentOnPoll.java:59)
... Removed 29 stack frames]]>
    </failure>
  </testcase> <!-- test_Create_Chatter_Post -->
  <testcase name="test_Create_Chatter_Post" time="64.19" classname="test.TestCreateCommentOnPost">
    <failure type="java.lang.AssertionError" message="expected [true] but found [false]">
      <![CDATA[java.lang.AssertionError: expected [true] but found [false]
at test.TestCreateCommentOnPost.test_Create_Chatter_Post(TestCreateCommentOnPost.java:57)
... Removed 29 stack frames]]>
    </failure>
  </testcase> <!-- test_Create_Chatter_Post -->
  <testcase name="test_Create_Chatter_Post" time="54.604" classname="test.TestCreateCommentOnQuestion">
    <failure type="java.lang.AssertionError" message="expected [true] but found [false]">
      <![CDATA[java.lang.AssertionError: expected [true] but found [false]
at test.TestCreateCommentOnQuestion.test_Create_Chatter_Post(TestCreateCommentOnQuestion.java:57)
... Removed 29 stack frames]]>
    </failure>
  </testcase> <!-- test_Create_Chatter_Post -->
  <testcase name="test_Create_Chatter_Post" time="102.699" classname="test.TestEditCommentOnPoll">
    <failure type="java.lang.AssertionError" message="expected [true] but found [false]">
      <![CDATA[java.lang.AssertionError: expected [true] but found [false]
at test.TestEditCommentOnPoll.test_Create_Chatter_Post(TestEditCommentOnPoll.java:67)
... Removed 29 stack frames]]>
    </failure>
  </testcase> <!-- test_Create_Chatter_Post -->
  <testcase name="test_Create_Chatter_Post" time="86.335" classname="test.TestEditCommentOnPost">
    <failure type="java.lang.AssertionError" message="expected [true] but found [false]">
      <![CDATA[java.lang.AssertionError: expected [true] but found [false]
at test.TestEditCommentOnPost.test_Create_Chatter_Post(TestEditCommentOnPost.java:69)
... Removed 29 stack frames]]>
    </failure>
  </testcase> <!-- test_Create_Chatter_Post -->
  <testcase name="test_Create_Chatter_Post" time="85.817" classname="test.TestEditCommentOnQuestion">
    <failure type="java.lang.AssertionError" message="expected [true] but found [false]">
      <![CDATA[java.lang.AssertionError: expected [true] but found [false]
at test.TestEditCommentOnQuestion.test_Create_Chatter_Post(TestEditCommentOnQuestion.java:67)
... Removed 29 stack frames]]>
    </failure>
  </testcase> <!-- test_Create_Chatter_Post -->
  <testcase name="test_Create_Chatter_Post" time="85.799" classname="test.TestDeleteCommentOnPoll">
    <failure type="java.lang.AssertionError" message="expected [true] but found [false]">
      <![CDATA[java.lang.AssertionError: expected [true] but found [false]
at test.TestDeleteCommentOnPoll.test_Create_Chatter_Post(TestDeleteCommentOnPoll.java:68)
... Removed 29 stack frames]]>
    </failure>
  </testcase> <!-- test_Create_Chatter_Post -->
  <testcase name="test_Create_Chatter_Post" time="74.194" classname="test.TestDeleteCommentOnPost">
    <failure type="java.lang.AssertionError" message="expected [true] but found [false]">
      <![CDATA[java.lang.AssertionError: expected [true] but found [false]
at test.TestDeleteCommentOnPost.test_Create_Chatter_Post(TestDeleteCommentOnPost.java:66)
... Removed 29 stack frames]]>
    </failure>
  </testcase> <!-- test_Create_Chatter_Post -->
  <testcase name="test_Create_Chatter_Post" time="75.001" classname="test.TestDeleteCommentOnQuestion">
    <failure type="java.lang.AssertionError" message="expected [true] but found [false]">
      <![CDATA[java.lang.AssertionError: expected [true] but found [false]
at test.TestDeleteCommentOnQuestion.test_Create_Chatter_Post(TestDeleteCommentOnQuestion.java:67)
... Removed 29 stack frames]]>
    </failure>
  </testcase> <!-- test_Create_Chatter_Post -->
</testsuite> <!-- Test -->
