<?xml version="1.0" encoding="UTF-8"?>
<!-- Generated by org.testng.reporters.JUnitXMLReporter -->
<testsuite hostname="AUY-LT-103" ignored="0" name="Test" tests="21" failures="6" timestamp="20 Sep 2018 14:27:35 GMT" time="1538.83" errors="0">
  <testcase name="test_Create_Chatter_Poll" time="32.916" classname="test.TestCreatePoll">
    <failure type="java.lang.AssertionError" message="expected [true] but found [false]">
      <![CDATA[java.lang.AssertionError: expected [true] but found [false]
at test.TestCreatePoll.test_Create_Chatter_Poll(TestCreatePoll.java:44)
... Removed 29 stack frames]]>
    </failure>
  </testcase> <!-- test_Create_Chatter_Poll -->
  <testcase name="test_Create_Chatter_Post" time="46.516" classname="test.TestCreatePost"/>
  <testcase name="test_Create_Chatter_Question" time="38.563" classname="test.TestCreateQuestion"/>
  <testcase name="test_Delete_Chatter_Poll" time="34.575" classname="test.TestDeletePoll">
    <failure type="java.lang.AssertionError" message="expected [true] but found [false]">
      <![CDATA[java.lang.AssertionError: expected [true] but found [false]
at test.TestDeletePoll.test_Delete_Chatter_Poll(TestDeletePoll.java:47)
... Removed 29 stack frames]]>
    </failure>
  </testcase> <!-- test_Delete_Chatter_Poll -->
  <testcase name="test_Delete_Chatter_Post" time="65.699" classname="test.TestDeletePost"/>
  <testcase name="test_Delete_Chatter_Question" time="56.23" classname="test.TestDeleteQuestion"/>
  <testcase name="test_Edit_Chatter_Post" time="72.49" classname="test.TestEditPost"/>
  <testcase name="test_Edit_Chatter_Question" time="21.791" classname="test.TestEditQuestion">
    <failure type="java.lang.AssertionError" message="expected [true] but found [false]">
      <![CDATA[java.lang.AssertionError: expected [true] but found [false]
at test.TestEditQuestion.test_Edit_Chatter_Question(TestEditQuestion.java:48)
... Removed 29 stack frames]]>
    </failure>
  </testcase> <!-- test_Edit_Chatter_Question -->
  <testcase name="test_Create_Comment_Poll" time="63.437" classname="test.TestCreateCommentOnPoll">
    <failure type="java.lang.AssertionError" message="expected [true] but found [false]">
      <![CDATA[java.lang.AssertionError: expected [true] but found [false]
at test.TestCreateCommentOnPoll.test_Create_Comment_Poll(TestCreateCommentOnPoll.java:59)
... Removed 29 stack frames]]>
    </failure>
  </testcase> <!-- test_Create_Comment_Poll -->
  <testcase name="test_Create_Comment_Post" time="64.863" classname="test.TestCreateCommentOnPost"/>
  <testcase name="test_Create_Comment_Question" time="49.204" classname="test.TestCreateCommentOnQuestion"/>
  <testcase name="test_Edit_Comment_Poll" time="111.605" classname="test.TestEditCommentOnPoll">
    <failure type="org.openqa.selenium.NoSuchElementException" message="Unable to locate element: .slds-has-focus &amp;gt; div:nth-child(1) &amp;gt; div:nth-of-type(1)
For documentation on this error, please visit: http://seleniumhq.org/exceptions/no_such_element.html
Build info: version: &amp;apos;3.13.0&amp;apos;, revision: &amp;apos;2f0d292&amp;apos;, time: &amp;apos;2018-06-25T15:24:21.231Z&amp;apos;
System info: host: &amp;apos;AUY-LT-103&amp;apos;, ip: &amp;apos;192.168.26.27&amp;apos;, os.name: &amp;apos;Windows 10&amp;apos;, os.arch: &amp;apos;amd64&amp;apos;, os.version: &amp;apos;10.0&amp;apos;, java.version: &amp;apos;1.8.0_181&amp;apos;
Driver info: org.openqa.selenium.firefox.FirefoxDriver
Capabilities {acceptInsecureCerts: true, browserName: firefox, browserVersion: 62.0, javascriptEnabled: true, moz:accessibilityChecks: false, moz:headless: false, moz:processID: 8356, moz:profile: C:\Users\dlatierro\AppData\..., moz:useNonSpecCompliantPointerOrigin: false, moz:webdriverClick: true, pageLoadStrategy: normal, platform: XP, platformName: XP, platformVersion: 10.0, rotatable: false, timeouts: {implicit: 0, pageLoad: 300000, script: 30000}}
Session ID: 96077848-2b05-4f83-bdc0-573e46e68463
*** Element info: {Using=css selector, value=.slds-has-focus &amp;gt; div:nth-child(1) &amp;gt; div:nth-of-type(1)}">
      <![CDATA[org.openqa.selenium.NoSuchElementException: Unable to locate element: .slds-has-focus > div:nth-child(1) > div:nth-of-type(1)
For documentation on this error, please visit: http://seleniumhq.org/exceptions/no_such_element.html
Build info: version: '3.13.0', revision: '2f0d292', time: '2018-06-25T15:24:21.231Z'
System info: host: 'AUY-LT-103', ip: '192.168.26.27', os.name: 'Windows 10', os.arch: 'amd64', os.version: '10.0', java.version: '1.8.0_181'
Driver info: org.openqa.selenium.firefox.FirefoxDriver
Capabilities {acceptInsecureCerts: true, browserName: firefox, browserVersion: 62.0, javascriptEnabled: true, moz:accessibilityChecks: false, moz:headless: false, moz:processID: 8356, moz:profile: C:\Users\dlatierro\AppData\..., moz:useNonSpecCompliantPointerOrigin: false, moz:webdriverClick: true, pageLoadStrategy: normal, platform: XP, platformName: XP, platformVersion: 10.0, rotatable: false, timeouts: {implicit: 0, pageLoad: 300000, script: 30000}}
Session ID: 96077848-2b05-4f83-bdc0-573e46e68463
*** Element info: {Using=css selector, value=.slds-has-focus > div:nth-child(1) > div:nth-of-type(1)}
at org.openqa.selenium.remote.http.W3CHttpResponseCodec.createException(W3CHttpResponseCodec.java:187)
at org.openqa.selenium.remote.http.W3CHttpResponseCodec.decode(W3CHttpResponseCodec.java:122)
at org.openqa.selenium.remote.http.W3CHttpResponseCodec.decode(W3CHttpResponseCodec.java:49)
at org.openqa.selenium.remote.HttpCommandExecutor.execute(HttpCommandExecutor.java:158)
at org.openqa.selenium.remote.service.DriverCommandExecutor.execute(DriverCommandExecutor.java:83)
at org.openqa.selenium.remote.RemoteWebDriver.execute(RemoteWebDriver.java:548)
at org.openqa.selenium.remote.RemoteWebDriver.findElement(RemoteWebDriver.java:322)
at org.openqa.selenium.remote.RemoteWebDriver.findElementByCssSelector(RemoteWebDriver.java:416)
at org.openqa.selenium.By$ByCssSelector.findElement(By.java:431)
at org.openqa.selenium.remote.RemoteWebDriver.findElement(RemoteWebDriver.java:314)
at org.openqa.selenium.support.pagefactory.DefaultElementLocator.findElement(DefaultElementLocator.java:69)
at org.openqa.selenium.support.pagefactory.internal.LocatingElementHandler.invoke(LocatingElementHandler.java:38)
at com.sun.proxy.$Proxy9.sendKeys(Unknown Source)
at pageFactory.SalesforceChatter.typeNewMessage(SalesforceChatter.java:382)
at pageFactory.SalesforceChatter.editChatterCommentForPost(SalesforceChatter.java:431)
at test.TestEditCommentOnPoll.test_Edit_Comment_Poll(TestEditCommentOnPoll.java:60)
... Removed 29 stack frames]]>
    </failure>
  </testcase> <!-- test_Edit_Comment_Poll -->
  <testcase name="test_Edit_Comment_Post" time="91.744" classname="test.TestEditCommentOnPost"/>
  <testcase name="test_Edit_Comment_Question" time="90.561" classname="test.TestEditCommentOnQuestion"/>
  <testcase name="test_Delete_Comment_Poll" time="81.47" classname="test.TestDeleteCommentOnPoll"/>
  <testcase name="test_Delete_Comment_Post" time="84.139" classname="test.TestDeleteCommentOnPost"/>
  <testcase name="test_Delete_Comment_Question" time="69.617" classname="test.TestDeleteCommentOnQuestion"/>
  <testcase name="test_Create_Chatter_Question_Attachment" time="65.554" classname="test.TestCreateQuestionWithAttachment"/>
  <testcase name="test_Create_Chatter_Post_Attachment" time="66.044" classname="test.TestCreatePostWithAttachment"/>
  <testcase name="test_Delete_Chatter_Question_Attachment" time="85.234" classname="test.TestDeleteQuestionWithAttachment"/>
  <testcase name="test_Delete_Chatter_Post_Attachment" time="46.904" classname="test.TestDeletePostWithAttachment">
    <failure type="java.lang.AssertionError" message="expected [true] but found [false]">
      <![CDATA[java.lang.AssertionError: expected [true] but found [false]
at test.TestDeletePostWithAttachment.test_Delete_Chatter_Post_Attachment(TestDeletePostWithAttachment.java:46)
... Removed 29 stack frames]]>
    </failure>
  </testcase> <!-- test_Delete_Chatter_Post_Attachment -->
</testsuite> <!-- Test -->
