<?xml version="1.0" encoding="UTF-8"?>
<testng-results skipped="0" failed="0" ignored="0" total="1" passed="1">
  <reporter-output>
  </reporter-output>
  <suite name="Default suite" duration-ms="73719" started-at="2018-08-24T13:24:15Z" finished-at="2018-08-24T13:25:29Z">
    <groups>
    </groups>
    <test name="Default test" duration-ms="73719" started-at="2018-08-24T13:24:15Z" finished-at="2018-08-24T13:25:29Z">
      <class name="test.TestCreateCommentOnQuestion">
        <test-method status="PASS" signature="setup()[pri:0, instance:test.TestCreateCommentOnQuestion@26653222]" name="setup" is-config="true" duration-ms="12037" started-at="2018-08-24T13:24:15Z" finished-at="2018-08-24T13:24:27Z">
          <reporter-output>
          </reporter-output>
        </test-method> <!-- setup -->
        <test-method status="PASS" signature="test_Create_Chatter_Post()[pri:0, instance:test.TestCreateCommentOnQuestion@26653222]" name="test_Create_Chatter_Post" duration-ms="61659" started-at="2018-08-24T13:24:27Z" finished-at="2018-08-24T13:25:29Z">
          <reporter-output>
          </reporter-output>
        </test-method> <!-- test_Create_Chatter_Post -->
        <test-method status="PASS" signature="exit()[pri:0, instance:test.TestCreateCommentOnQuestion@26653222]" name="exit" is-config="true" duration-ms="0" started-at="2018-08-24T13:25:29Z" finished-at="2018-08-24T13:25:29Z">
          <reporter-output>
          </reporter-output>
        </test-method> <!-- exit -->
      </class> <!-- test.TestCreateCommentOnQuestion -->
    </test> <!-- Default test -->
  </suite> <!-- Default suite -->
</testng-results>
