<?xml version="1.0" encoding="UTF-8"?>
<testng-results skipped="0" failed="0" ignored="0" total="1" passed="1">
  <reporter-output>
  </reporter-output>
  <suite name="Default suite" duration-ms="103192" started-at="2018-09-06T15:25:29Z" finished-at="2018-09-06T15:27:12Z">
    <groups>
    </groups>
    <test name="Default test" duration-ms="103192" started-at="2018-09-06T15:25:29Z" finished-at="2018-09-06T15:27:12Z">
      <class name="test.TestDeleteCommentOnPost">
        <test-method status="PASS" signature="setup()[pri:0, instance:test.TestDeleteCommentOnPost@26653222]" name="setup" is-config="true" duration-ms="15876" started-at="2018-09-06T15:25:29Z" finished-at="2018-09-06T15:25:44Z">
          <reporter-output>
          </reporter-output>
        </test-method> <!-- setup -->
        <test-method status="PASS" signature="test_Delete_Comment_Poll()[pri:0, instance:test.TestDeleteCommentOnPost@26653222]" name="test_Delete_Comment_Poll" duration-ms="86141" started-at="2018-09-06T15:25:44Z" finished-at="2018-09-06T15:27:11Z">
          <reporter-output>
          </reporter-output>
        </test-method> <!-- test_Delete_Comment_Poll -->
        <test-method status="PASS" signature="exit()[pri:0, instance:test.TestDeleteCommentOnPost@26653222]" name="exit" is-config="true" duration-ms="1101" started-at="2018-09-06T15:27:11Z" finished-at="2018-09-06T15:27:12Z">
          <reporter-output>
          </reporter-output>
        </test-method> <!-- exit -->
      </class> <!-- test.TestDeleteCommentOnPost -->
    </test> <!-- Default test -->
  </suite> <!-- Default suite -->
</testng-results>
